#
# There is insufficient memory for the Java Runtime Environment to continue.
# Native memory allocation (malloc) failed to allocate 32744 bytes for ChunkPool::allocate
# Possible reasons:
#   The system is out of physical RAM or swap space
#   The process is running with CompressedOops enabled, and the Java Heap may be blocking the growth of the native heap
# Possible solutions:
#   Reduce memory load on the system
#   Increase physical memory or swap space
#   Check if swap backing store is full
#   Decrease Java heap size (-Xmx/-Xms)
#   Decrease number of Java threads
#   Decrease Java thread stack sizes (-Xss)
#   Set larger code cache with -XX:ReservedCodeCacheSize=
#   JVM is running with Unscaled Compressed Oops mode in which the Java heap is
#     placed in the first 4GB address space. The Java Heap base address is the
#     maximum limit for the native heap growth. Please use -XX:HeapBaseMinAddress
#     to set the Java Heap base and to place the Java Heap above 4GB virtual address.
# This output file may be truncated or incomplete.
#
#  Out of Memory Error (arena.cpp:78), pid=18768, tid=6420
#
# JRE version: OpenJDK Runtime Environment (17.0.7) (build 17.0.7+0-b2043.56-10550314)
# Java VM: OpenJDK 64-Bit Server VM (17.0.7+0-b2043.56-10550314, mixed mode, tiered, compressed oops, compressed class ptrs, g1 gc, windows-amd64)
# No core dump will be written. Minidumps are not enabled by default on client versions of Windows
#

---------------  S U M M A R Y ------------

Command Line: --add-opens=java.base/java.util=ALL-UNNAMED --add-opens=java.base/java.lang=ALL-UNNAMED --add-opens=java.base/java.lang.invoke=ALL-UNNAMED --add-opens=java.prefs/java.util.prefs=ALL-UNNAMED --add-opens=java.base/java.nio.charset=ALL-UNNAMED --add-opens=java.base/java.net=ALL-UNNAMED --add-opens=java.base/java.util.concurrent.atomic=ALL-UNNAMED -Xmx2048m -Dfile.encoding=UTF-8 -Duser.country=IN -Duser.language=en -Duser.variant -javaagent:C:\Users\bhava\.gradle\wrapper\dists\gradle-8.2-bin\bbg7u40eoinfdyxsxr3z4i7ta\gradle-8.2\lib\agents\gradle-instrumentation-agent-8.2.jar org.gradle.launcher.daemon.bootstrap.GradleDaemon 8.2

Host: Intel(R) Core(TM) i5-8250U CPU @ 1.60GHz, 8 cores, 7G,  Windows 11 , 64 bit Build 22621 (10.0.22621.3527)
Time: Sat Apr 27 19:57:19 2024 India Standard Time elapsed time: 34.998490 seconds (0d 0h 0m 34s)

---------------  T H R E A D  ---------------

Current thread (0x00000147c08a4320):  JavaThread "C2 CompilerThread0" daemon [_thread_in_native, id=6420, stack(0x00000003c4300000,0x00000003c4400000)]


Current CompileTask:
C2:  34998 7796 %     4       org.gradle.internal.instantiation.generator.AbstractClassGenerator::inspectType @ 341 (560 bytes)

Stack: [0x00000003c4300000,0x00000003c4400000]
Native frames: (J=compiled Java code, j=interpreted, Vv=VM code, C=native code)
V  [jvm.dll+0x683bfa]
V  [jvm.dll+0x8430a4]
V  [jvm.dll+0x8449be]
V  [jvm.dll+0x845023]
V  [jvm.dll+0x24ad2f]
V  [jvm.dll+0xac47c]
V  [jvm.dll+0xac82c]
V  [jvm.dll+0xac36b]
V  [jvm.dll+0x65fe0e]
V  [jvm.dll+0x346050]
V  [jvm.dll+0x343b0e]
V  [jvm.dll+0x6988d5]
V  [jvm.dll+0x69bdef]
V  [jvm.dll+0x693fab]
V  [jvm.dll+0x6935e7]
V  [jvm.dll+0x6914e2]
V  [jvm.dll+0x1a927c]
V  [jvm.dll+0x21c238]
V  [jvm.dll+0x1a605d]
V  [jvm.dll+0x22c148]
V  [jvm.dll+0x22a209]
V  [jvm.dll+0x7f858c]
V  [jvm.dll+0x7f2aea]
V  [jvm.dll+0x682a35]
C  [ucrtbase.dll+0x29333]
C  [KERNEL32.DLL+0x1257d]
C  [ntdll.dll+0x5aa48]


---------------  P R O C E S S  ---------------

Threads class SMR info:
_java_thread_list=0x00000147c5bab620, length=53, elements={
0x00000147a68b0890, 0x00000147c0882010, 0x00000147c0882e80, 0x00000147c073b250,
0x00000147c073be00, 0x00000147c073e8c0, 0x00000147c08a3680, 0x00000147c08a4320,
0x00000147c08a53d0, 0x00000147c08b32e0, 0x00000147c0951890, 0x00000147c0af07a0,
0x00000147c6c7ae60, 0x00000147c5331ae0, 0x00000147c7a79150, 0x00000147c675ca70,
0x00000147c753faa0, 0x00000147c7d150e0, 0x00000147c7d159c0, 0x00000147c73dc080,
0x00000147c73d9ed0, 0x00000147c73dbbb0, 0x00000147c73db6e0, 0x00000147c73dad40,
0x00000147c73da3a0, 0x00000147c73da870, 0x00000147c73db210, 0x00000147c73dc550,
0x00000147c73dca20, 0x00000147c73d9060, 0x00000147c73d9530, 0x00000147c73d9a00,
0x00000147c80b21d0, 0x00000147c80b1830, 0x00000147c80b3eb0, 0x00000147c80b4380,
0x00000147c80b2b70, 0x00000147c80b0020, 0x00000147c80afb50, 0x00000147c80af1b0,
0x00000147c80b3040, 0x00000147c80b4850, 0x00000147c80b51f0, 0x00000147c80b04f0,
0x00000147c80b1d00, 0x00000147c80b39e0, 0x00000147c80ade70, 0x00000147c80ae810,
0x00000147c80aece0, 0x00000147c80b09c0, 0x00000147c80b0e90, 0x00000147c791f590,
0x00000147c791dd80
}

Java Threads: ( => current thread )
  0x00000147a68b0890 JavaThread "main" [_thread_blocked, id=15776, stack(0x00000003c3600000,0x00000003c3700000)]
  0x00000147c0882010 JavaThread "Reference Handler" daemon [_thread_blocked, id=1096, stack(0x00000003c3d00000,0x00000003c3e00000)]
  0x00000147c0882e80 JavaThread "Finalizer" daemon [_thread_blocked, id=2244, stack(0x00000003c3e00000,0x00000003c3f00000)]
  0x00000147c073b250 JavaThread "Signal Dispatcher" daemon [_thread_blocked, id=5804, stack(0x00000003c3f00000,0x00000003c4000000)]
  0x00000147c073be00 JavaThread "Attach Listener" daemon [_thread_blocked, id=9472, stack(0x00000003c4000000,0x00000003c4100000)]
  0x00000147c073e8c0 JavaThread "Service Thread" daemon [_thread_blocked, id=15228, stack(0x00000003c4100000,0x00000003c4200000)]
  0x00000147c08a3680 JavaThread "Monitor Deflation Thread" daemon [_thread_blocked, id=6476, stack(0x00000003c4200000,0x00000003c4300000)]
=>0x00000147c08a4320 JavaThread "C2 CompilerThread0" daemon [_thread_in_native, id=6420, stack(0x00000003c4300000,0x00000003c4400000)]
  0x00000147c08a53d0 JavaThread "C1 CompilerThread0" daemon [_thread_blocked, id=540, stack(0x00000003c4400000,0x00000003c4500000)]
  0x00000147c08b32e0 JavaThread "Sweeper thread" daemon [_thread_blocked, id=15736, stack(0x00000003c4500000,0x00000003c4600000)]
  0x00000147c0951890 JavaThread "Common-Cleaner" daemon [_thread_blocked, id=15564, stack(0x00000003c4600000,0x00000003c4700000)]
  0x00000147c0af07a0 JavaThread "Notification Thread" daemon [_thread_blocked, id=13484, stack(0x00000003c4700000,0x00000003c4800000)]
  0x00000147c6c7ae60 JavaThread "Daemon health stats" [_thread_blocked, id=17924, stack(0x00000003c4f00000,0x00000003c5000000)]
  0x00000147c5331ae0 JavaThread "Incoming local TCP Connector on port 63778" [_thread_in_native, id=15052, stack(0x00000003c4a00000,0x00000003c4b00000)]
  0x00000147c7a79150 JavaThread "Daemon periodic checks" [_thread_blocked, id=3364, stack(0x00000003c5000000,0x00000003c5100000)]
  0x00000147c675ca70 JavaThread "Daemon" [_thread_blocked, id=19348, stack(0x00000003c5100000,0x00000003c5200000)]
  0x00000147c753faa0 JavaThread "Handler for socket connection from /127.0.0.1:63778 to /127.0.0.1:63779" [_thread_in_native, id=19344, stack(0x00000003c5200000,0x00000003c5300000)]
  0x00000147c7d150e0 JavaThread "Cancel handler" [_thread_blocked, id=19376, stack(0x00000003c5300000,0x00000003c5400000)]
  0x00000147c7d159c0 JavaThread "Daemon worker" [_thread_in_Java, id=19136, stack(0x00000003c5400000,0x00000003c5500000)]
  0x00000147c73dc080 JavaThread "Asynchronous log dispatcher for DefaultDaemonConnection: socket connection from /127.0.0.1:63778 to /127.0.0.1:63779" [_thread_blocked, id=19140, stack(0x00000003c5500000,0x00000003c5600000)]
  0x00000147c73d9ed0 JavaThread "Stdin handler" [_thread_blocked, id=7192, stack(0x00000003c5600000,0x00000003c5700000)]
  0x00000147c73dbbb0 JavaThread "Daemon client event forwarder" [_thread_blocked, id=9028, stack(0x00000003c5700000,0x00000003c5800000)]
  0x00000147c73db6e0 JavaThread "Cache worker for journal cache (C:\Users\bhava\.gradle\caches\journal-1)" [_thread_blocked, id=16140, stack(0x00000003c5b00000,0x00000003c5c00000)]
  0x00000147c73dad40 JavaThread "File lock request listener" [_thread_in_native, id=12832, stack(0x00000003c5c00000,0x00000003c5d00000)]
  0x00000147c73da3a0 JavaThread "Cache worker for file hash cache (C:\Users\bhava\.gradle\caches\8.2\fileHashes)" [_thread_blocked, id=16204, stack(0x00000003c5e00000,0x00000003c5f00000)]
  0x00000147c73da870 JavaThread "File watcher server" daemon [_thread_in_native, id=8208, stack(0x00000003c5d00000,0x00000003c5e00000)]
  0x00000147c73db210 JavaThread "File watcher consumer" daemon [_thread_blocked, id=13764, stack(0x00000003c5f00000,0x00000003c6000000)]
  0x00000147c73dc550 JavaThread "Cache worker for checksums cache (C:\Users\bhava\Desktop\get strated with APP\Tic Tac Toe\.gradle\8.2\checksums)" [_thread_blocked, id=5648, stack(0x00000003c6000000,0x00000003c6100000)]
  0x00000147c73dca20 JavaThread "Cache worker for cache directory md-rule (C:\Users\bhava\.gradle\caches\8.2\md-rule)" [_thread_blocked, id=8244, stack(0x00000003c6200000,0x00000003c6300000)]
  0x00000147c73d9060 JavaThread "Cache worker for file content cache (C:\Users\bhava\.gradle\caches\8.2\fileContent)" [_thread_blocked, id=7376, stack(0x00000003c6300000,0x00000003c6400000)]
  0x00000147c73d9530 JavaThread "Cache worker for file hash cache (C:\Users\bhava\Desktop\get strated with APP\Tic Tac Toe\.gradle\8.2\fileHashes)" [_thread_blocked, id=15648, stack(0x00000003c6400000,0x00000003c6500000)]
  0x00000147c73d9a00 JavaThread "Cache worker for cache directory md-supplier (C:\Users\bhava\.gradle\caches\8.2\md-supplier)" [_thread_blocked, id=16136, stack(0x00000003c6500000,0x00000003c6600000)]
  0x00000147c80b21d0 JavaThread "Cache worker for execution history cache (C:\Users\bhava\.gradle\caches\8.2\executionHistory)" [_thread_blocked, id=16084, stack(0x00000003c6600000,0x00000003c6700000)]
  0x00000147c80b1830 JavaThread "jar transforms" [_thread_blocked, id=14104, stack(0x00000003c6700000,0x00000003c6800000)]
  0x00000147c80b3eb0 JavaThread "jar transforms Thread 2" [_thread_blocked, id=9052, stack(0x00000003c6900000,0x00000003c6a00000)]
  0x00000147c80b4380 JavaThread "Cache worker for kotlin-dsl (C:\Users\bhava\.gradle\caches\8.2\kotlin-dsl)" [_thread_blocked, id=3156, stack(0x00000003c6b00000,0x00000003c6c00000)]
  0x00000147c80b2b70 JavaThread "jar transforms Thread 3" [_thread_blocked, id=17964, stack(0x00000003c6c00000,0x00000003c6d00000)]
  0x00000147c80b0020 JavaThread "jar transforms Thread 4" [_thread_blocked, id=17372, stack(0x00000003c6d00000,0x00000003c6e00000)]
  0x00000147c80afb50 JavaThread "jar transforms Thread 5" [_thread_blocked, id=18436, stack(0x00000003c6e00000,0x00000003c6f00000)]
  0x00000147c80af1b0 JavaThread "jar transforms Thread 6" [_thread_blocked, id=6676, stack(0x00000003c6f00000,0x00000003c7000000)]
  0x00000147c80b3040 JavaThread "Cache worker for dependencies-accessors (C:\Users\bhava\Desktop\get strated with APP\Tic Tac Toe\.gradle\8.2\dependencies-accessors)" [_thread_blocked, id=18476, stack(0x00000003c7000000,0x00000003c7100000)]
  0x00000147c80b4850 JavaThread "Cache worker for Build Output Cleanup Cache (C:\Users\bhava\Desktop\get strated with APP\Tic Tac Toe\.gradle\buildOutputCleanup)" [_thread_blocked, id=18992, stack(0x00000003c6a00000,0x00000003c6b00000)]
  0x00000147c80b51f0 JavaThread "jar transforms Thread 7" [_thread_blocked, id=17788, stack(0x00000003c7100000,0x00000003c7200000)]
  0x00000147c80b04f0 JavaThread "jar transforms Thread 8" [_thread_blocked, id=10248, stack(0x00000003c7200000,0x00000003c7300000)]
  0x00000147c80b1d00 JavaThread "Unconstrained build operations" [_thread_blocked, id=7556, stack(0x00000003c6100000,0x00000003c6200000)]
  0x00000147c80b39e0 JavaThread "Unconstrained build operations Thread 2" [_thread_blocked, id=1004, stack(0x00000003c7300000,0x00000003c7400000)]
  0x00000147c80ade70 JavaThread "Unconstrained build operations Thread 3" [_thread_blocked, id=15952, stack(0x00000003c7500000,0x00000003c7600000)]
  0x00000147c80ae810 JavaThread "Unconstrained build operations Thread 4" [_thread_blocked, id=11408, stack(0x00000003c7600000,0x00000003c7700000)]
  0x00000147c80aece0 JavaThread "Unconstrained build operations Thread 5" [_thread_blocked, id=7452, stack(0x00000003c7700000,0x00000003c7800000)]
  0x00000147c80b09c0 JavaThread "Unconstrained build operations Thread 6" [_thread_blocked, id=10476, stack(0x00000003c7800000,0x00000003c7900000)]
  0x00000147c80b0e90 JavaThread "Unconstrained build operations Thread 7" [_thread_blocked, id=11924, stack(0x00000003c7900000,0x00000003c7a00000)]
  0x00000147c791f590 JavaThread "build event listener" [_thread_blocked, id=19164, stack(0x00000003c7c00000,0x00000003c7d00000)]
  0x00000147c791dd80 JavaThread "Memory manager" [_thread_blocked, id=19168, stack(0x00000003c7d00000,0x00000003c7e00000)]

Other Threads:
  0x00000147c0722440 VMThread "VM Thread" [stack: 0x00000003c3c00000,0x00000003c3d00000] [id=14368]
  0x00000147a6937ec0 WatcherThread [stack: 0x00000003c4800000,0x00000003c4900000] [id=6072]
  0x00000147a690b2d0 GCTaskThread "GC Thread#0" [stack: 0x00000003c3700000,0x00000003c3800000] [id=7584]
  0x00000147c5c9f640 GCTaskThread "GC Thread#1" [stack: 0x00000003c4b00000,0x00000003c4c00000] [id=1980]
  0x00000147c5c0bb10 GCTaskThread "GC Thread#2" [stack: 0x00000003c4c00000,0x00000003c4d00000] [id=16800]
  0x00000147c578f8a0 GCTaskThread "GC Thread#3" [stack: 0x00000003c4d00000,0x00000003c4e00000] [id=18932]
  0x00000147c60db4c0 GCTaskThread "GC Thread#4" [stack: 0x00000003c4e00000,0x00000003c4f00000] [id=4148]
  0x00000147c5b3f4c0 GCTaskThread "GC Thread#5" [stack: 0x00000003c4900000,0x00000003c4a00000] [id=5200]
  0x00000147c5b3e1f0 GCTaskThread "GC Thread#6" [stack: 0x00000003c5800000,0x00000003c5900000] [id=12436]
  0x00000147c5b3e4a0 GCTaskThread "GC Thread#7" [stack: 0x00000003c5900000,0x00000003c5a00000] [id=18956]
  0x00000147a691c210 ConcurrentGCThread "G1 Main Marker" [stack: 0x00000003c3800000,0x00000003c3900000] [id=15412]
  0x00000147a691cc20 ConcurrentGCThread "G1 Conc#0" [stack: 0x00000003c3900000,0x00000003c3a00000] [id=1736]
  0x00000147c5b3f210 ConcurrentGCThread "G1 Conc#1" [stack: 0x00000003c5a00000,0x00000003c5b00000] [id=13500]
  0x00000147a696df20 ConcurrentGCThread "G1 Refine#0" [stack: 0x00000003c3a00000,0x00000003c3b00000] [id=12680]
  0x00000147c707a0f0 ConcurrentGCThread "G1 Refine#1" [stack: 0x00000003c6800000,0x00000003c6900000] [id=11600]
  0x00000147a696e940 ConcurrentGCThread "G1 Service" [stack: 0x00000003c3b00000,0x00000003c3c00000] [id=7532]

Threads with active compile tasks:
C2 CompilerThread0    35059 7796 %     4       org.gradle.internal.instantiation.generator.AbstractClassGenerator::inspectType @ 341 (560 bytes)

VM state: not at safepoint (normal execution)

VM Mutex/Monitor currently owned by a thread: None

Heap address: 0x0000000080000000, size: 2048 MB, Compressed Oops mode: 32-bit

CDS archive(s) not mapped
Compressed class space mapped at: 0x0000000100000000-0x0000000140000000, reserved size: 1073741824
Narrow klass base: 0x0000000000000000, Narrow klass shift: 3, Narrow klass range: 0x140000000

GC Precious Log:
 CPUs: 8 total, 8 available
 Memory: 8108M
 Large Page Support: Disabled
 NUMA Support: Disabled
 Compressed Oops: Enabled (32-bit)
 Heap Region Size: 1M
 Heap Min Capacity: 8M
 Heap Initial Capacity: 128M
 Heap Max Capacity: 2G
 Pre-touch: Disabled
 Parallel Workers: 8
 Concurrent Workers: 2
 Concurrent Refinement Workers: 8
 Periodic GC: Disabled

Heap:
 garbage-first heap   total 116736K, used 86280K [0x0000000080000000, 0x0000000100000000)
  region size 1024K, 27 young (27648K), 3 survivors (3072K)
 Metaspace       used 82566K, committed 83136K, reserved 1179648K
  class space    used 11000K, committed 11264K, reserved 1048576K

Heap Regions: E=young(eden), S=young(survivor), O=old, HS=humongous(starts), HC=humongous(continues), CS=collection set, F=free, OA=open archive, CA=closed archive, TAMS=top-at-mark-start (previous, next)
|   0|0x0000000080000000, 0x0000000080100000, 0x0000000080100000|100%|HS|  |TAMS 0x0000000080100000, 0x0000000080000000| Complete 
|   1|0x0000000080100000, 0x0000000080200000, 0x0000000080200000|100%|HC|  |TAMS 0x0000000080200000, 0x0000000080100000| Complete 
|   2|0x0000000080200000, 0x0000000080300000, 0x0000000080300000|100%|HC|  |TAMS 0x0000000080300000, 0x0000000080200000| Complete 
|   3|0x0000000080300000, 0x0000000080400000, 0x0000000080400000|100%|HC|  |TAMS 0x0000000080400000, 0x0000000080300000| Complete 
|   4|0x0000000080400000, 0x0000000080500000, 0x0000000080500000|100%| O|  |TAMS 0x0000000080500000, 0x0000000080400000| Untracked 
|   5|0x0000000080500000, 0x0000000080600000, 0x0000000080600000|100%| O|  |TAMS 0x0000000080600000, 0x0000000080500000| Untracked 
|   6|0x0000000080600000, 0x0000000080700000, 0x0000000080700000|100%| O|  |TAMS 0x0000000080700000, 0x0000000080600000| Untracked 
|   7|0x0000000080700000, 0x0000000080800000, 0x0000000080800000|100%| O|  |TAMS 0x0000000080800000, 0x0000000080700000| Untracked 
|   8|0x0000000080800000, 0x0000000080900000, 0x0000000080900000|100%| O|  |TAMS 0x0000000080900000, 0x0000000080800000| Untracked 
|   9|0x0000000080900000, 0x0000000080a00000, 0x0000000080a00000|100%| O|  |TAMS 0x0000000080a00000, 0x0000000080900000| Untracked 
|  10|0x0000000080a00000, 0x0000000080b00000, 0x0000000080b00000|100%| O|  |TAMS 0x0000000080b00000, 0x0000000080a00000| Untracked 
|  11|0x0000000080b00000, 0x0000000080c00000, 0x0000000080c00000|100%| O|  |TAMS 0x0000000080c00000, 0x0000000080b00000| Untracked 
|  12|0x0000000080c00000, 0x0000000080d00000, 0x0000000080d00000|100%| O|  |TAMS 0x0000000080d00000, 0x0000000080c00000| Untracked 
|  13|0x0000000080d00000, 0x0000000080e00000, 0x0000000080e00000|100%| O|  |TAMS 0x0000000080e00000, 0x0000000080d00000| Untracked 
|  14|0x0000000080e00000, 0x0000000080f00000, 0x0000000080f00000|100%| O|  |TAMS 0x0000000080f00000, 0x0000000080e00000| Untracked 
|  15|0x0000000080f00000, 0x0000000081000000, 0x0000000081000000|100%| O|  |TAMS 0x0000000081000000, 0x0000000080f00000| Untracked 
|  16|0x0000000081000000, 0x0000000081100000, 0x0000000081100000|100%| O|  |TAMS 0x0000000081100000, 0x0000000081000000| Untracked 
|  17|0x0000000081100000, 0x0000000081200000, 0x0000000081200000|100%| O|  |TAMS 0x0000000081200000, 0x0000000081100000| Untracked 
|  18|0x0000000081200000, 0x0000000081300000, 0x0000000081300000|100%| O|  |TAMS 0x0000000081300000, 0x0000000081200000| Untracked 
|  19|0x0000000081300000, 0x0000000081400000, 0x0000000081400000|100%| O|  |TAMS 0x0000000081400000, 0x0000000081300000| Untracked 
|  20|0x0000000081400000, 0x0000000081500000, 0x0000000081500000|100%| O|  |TAMS 0x0000000081500000, 0x0000000081400000| Untracked 
|  21|0x0000000081500000, 0x0000000081600000, 0x0000000081600000|100%| O|  |TAMS 0x0000000081600000, 0x0000000081500000| Untracked 
|  22|0x0000000081600000, 0x0000000081600000, 0x0000000081700000|  0%| F|  |TAMS 0x0000000081600000, 0x0000000081600000| Untracked 
|  23|0x0000000081700000, 0x0000000081800000, 0x0000000081800000|100%| O|  |TAMS 0x0000000081800000, 0x0000000081700000| Complete 
|  24|0x0000000081800000, 0x0000000081900000, 0x0000000081900000|100%| O|  |TAMS 0x0000000081900000, 0x0000000081800000| Untracked 
|  25|0x0000000081900000, 0x0000000081a00000, 0x0000000081a00000|100%| O|  |TAMS 0x0000000081a00000, 0x0000000081900000| Untracked 
|  26|0x0000000081a00000, 0x0000000081b00000, 0x0000000081b00000|100%| O|  |TAMS 0x0000000081b00000, 0x0000000081a00000| Untracked 
|  27|0x0000000081b00000, 0x0000000081c00000, 0x0000000081c00000|100%| O|  |TAMS 0x0000000081c00000, 0x0000000081b00000| Untracked 
|  28|0x0000000081c00000, 0x0000000081d00000, 0x0000000081d00000|100%| O|  |TAMS 0x0000000081d00000, 0x0000000081c00000| Untracked 
|  29|0x0000000081d00000, 0x0000000081e00000, 0x0000000081e00000|100%| O|  |TAMS 0x0000000081e00000, 0x0000000081d00000| Untracked 
|  30|0x0000000081e00000, 0x0000000081f00000, 0x0000000081f00000|100%| O|  |TAMS 0x0000000081f00000, 0x0000000081e00000| Untracked 
|  31|0x0000000081f00000, 0x0000000082000000, 0x0000000082000000|100%| O|  |TAMS 0x0000000082000000, 0x0000000081f00000| Untracked 
|  32|0x0000000082000000, 0x0000000082100000, 0x0000000082100000|100%| O|  |TAMS 0x0000000082100000, 0x0000000082000000| Untracked 
|  33|0x0000000082100000, 0x0000000082200000, 0x0000000082200000|100%| O|  |TAMS 0x0000000082200000, 0x0000000082100000| Untracked 
|  34|0x0000000082200000, 0x0000000082300000, 0x0000000082300000|100%| O|  |TAMS 0x0000000082300000, 0x0000000082200000| Untracked 
|  35|0x0000000082300000, 0x0000000082400000, 0x0000000082400000|100%| O|  |TAMS 0x0000000082400000, 0x0000000082300000| Untracked 
|  36|0x0000000082400000, 0x0000000082500000, 0x0000000082500000|100%| O|  |TAMS 0x0000000082500000, 0x0000000082400000| Untracked 
|  37|0x0000000082500000, 0x0000000082600000, 0x0000000082600000|100%| O|  |TAMS 0x0000000082600000, 0x0000000082500000| Untracked 
|  38|0x0000000082600000, 0x0000000082700000, 0x0000000082700000|100%| O|  |TAMS 0x0000000082700000, 0x0000000082600000| Untracked 
|  39|0x0000000082700000, 0x0000000082800000, 0x0000000082800000|100%|HS|  |TAMS 0x0000000082800000, 0x0000000082700000| Complete 
|  40|0x0000000082800000, 0x0000000082900000, 0x0000000082900000|100%|HS|  |TAMS 0x0000000082900000, 0x0000000082800000| Complete 
|  41|0x0000000082900000, 0x0000000082a00000, 0x0000000082a00000|100%|HS|  |TAMS 0x0000000082a00000, 0x0000000082900000| Complete 
|  42|0x0000000082a00000, 0x0000000082b00000, 0x0000000082b00000|100%| O|  |TAMS 0x0000000082b00000, 0x0000000082a00000| Untracked 
|  43|0x0000000082b00000, 0x0000000082c00000, 0x0000000082c00000|100%| O|  |TAMS 0x0000000082c00000, 0x0000000082b00000| Untracked 
|  44|0x0000000082c00000, 0x0000000082d00000, 0x0000000082d00000|100%| O|  |TAMS 0x0000000082d00000, 0x0000000082c00000| Untracked 
|  45|0x0000000082d00000, 0x0000000082e00000, 0x0000000082e00000|100%|HS|  |TAMS 0x0000000082e00000, 0x0000000082d00000| Complete 
|  46|0x0000000082e00000, 0x0000000082f00000, 0x0000000082f00000|100%| O|  |TAMS 0x0000000082f00000, 0x0000000082e00000| Untracked 
|  47|0x0000000082f00000, 0x0000000083000000, 0x0000000083000000|100%| O|  |TAMS 0x0000000083000000, 0x0000000082f00000| Untracked 
|  48|0x0000000083000000, 0x0000000083100000, 0x0000000083100000|100%| O|  |TAMS 0x0000000083100000, 0x0000000083000000| Untracked 
|  49|0x0000000083100000, 0x0000000083200000, 0x0000000083200000|100%| O|  |TAMS 0x0000000083200000, 0x0000000083100000| Untracked 
|  50|0x0000000083200000, 0x0000000083300000, 0x0000000083300000|100%| O|  |TAMS 0x0000000083300000, 0x0000000083200000| Untracked 
|  51|0x0000000083300000, 0x0000000083400000, 0x0000000083400000|100%|HS|  |TAMS 0x0000000083400000, 0x0000000083300000| Complete 
|  52|0x0000000083400000, 0x0000000083500000, 0x0000000083500000|100%| O|  |TAMS 0x0000000083500000, 0x0000000083400000| Untracked 
|  53|0x0000000083500000, 0x0000000083600000, 0x0000000083600000|100%| O|  |TAMS 0x0000000083600000, 0x0000000083500000| Untracked 
|  54|0x0000000083600000, 0x0000000083700000, 0x0000000083700000|100%| O|  |TAMS 0x0000000083700000, 0x0000000083600000| Untracked 
|  55|0x0000000083700000, 0x00000000837f9a00, 0x0000000083800000| 97%| O|  |TAMS 0x00000000837f9a00, 0x0000000083700000| Untracked 
|  56|0x0000000083800000, 0x0000000083900000, 0x0000000083900000|100%| O|  |TAMS 0x0000000083900000, 0x0000000083800000| Untracked 
|  57|0x0000000083900000, 0x0000000083a00000, 0x0000000083a00000|100%| O|  |TAMS 0x0000000083a00000, 0x0000000083900000| Untracked 
|  58|0x0000000083a00000, 0x0000000083b00000, 0x0000000083b00000|100%| O|  |TAMS 0x0000000083b00000, 0x0000000083a00000| Untracked 
|  59|0x0000000083b00000, 0x0000000083b00000, 0x0000000083c00000|  0%| F|  |TAMS 0x0000000083b00000, 0x0000000083b00000| Untracked 
|  60|0x0000000083c00000, 0x0000000083d00000, 0x0000000083d00000|100%| O|  |TAMS 0x0000000083d00000, 0x0000000083c00000| Untracked 
|  61|0x0000000083d00000, 0x0000000083e00000, 0x0000000083e00000|100%| O|  |TAMS 0x0000000083e00000, 0x0000000083d00000| Untracked 
|  62|0x0000000083e00000, 0x0000000083e00000, 0x0000000083f00000|  0%| F|  |TAMS 0x0000000083e00000, 0x0000000083e00000| Untracked 
|  63|0x0000000083f00000, 0x0000000083f00000, 0x0000000084000000|  0%| F|  |TAMS 0x0000000083f00000, 0x0000000083f00000| Untracked 
|  64|0x0000000084000000, 0x0000000084000000, 0x0000000084100000|  0%| F|  |TAMS 0x0000000084000000, 0x0000000084000000| Untracked 
|  65|0x0000000084100000, 0x0000000084100000, 0x0000000084200000|  0%| F|  |TAMS 0x0000000084100000, 0x0000000084100000| Untracked 
|  66|0x0000000084200000, 0x0000000084200000, 0x0000000084300000|  0%| F|  |TAMS 0x0000000084200000, 0x0000000084200000| Untracked 
|  67|0x0000000084300000, 0x0000000084300000, 0x0000000084400000|  0%| F|  |TAMS 0x0000000084300000, 0x0000000084300000| Untracked 
|  68|0x0000000084400000, 0x0000000084400000, 0x0000000084500000|  0%| F|  |TAMS 0x0000000084400000, 0x0000000084400000| Untracked 
|  69|0x0000000084500000, 0x0000000084500000, 0x0000000084600000|  0%| F|  |TAMS 0x0000000084500000, 0x0000000084500000| Untracked 
|  70|0x0000000084600000, 0x0000000084600000, 0x0000000084700000|  0%| F|  |TAMS 0x0000000084600000, 0x0000000084600000| Untracked 
|  71|0x0000000084700000, 0x0000000084700000, 0x0000000084800000|  0%| F|  |TAMS 0x0000000084700000, 0x0000000084700000| Untracked 
|  72|0x0000000084800000, 0x0000000084800000, 0x0000000084900000|  0%| F|  |TAMS 0x0000000084800000, 0x0000000084800000| Untracked 
|  73|0x0000000084900000, 0x0000000084900000, 0x0000000084a00000|  0%| F|  |TAMS 0x0000000084900000, 0x0000000084900000| Untracked 
|  74|0x0000000084a00000, 0x0000000084a00000, 0x0000000084b00000|  0%| F|  |TAMS 0x0000000084a00000, 0x0000000084a00000| Untracked 
|  75|0x0000000084b00000, 0x0000000084b00000, 0x0000000084c00000|  0%| F|  |TAMS 0x0000000084b00000, 0x0000000084b00000| Untracked 
|  76|0x0000000084c00000, 0x0000000084c00000, 0x0000000084d00000|  0%| F|  |TAMS 0x0000000084c00000, 0x0000000084c00000| Untracked 
|  77|0x0000000084d00000, 0x0000000084d00000, 0x0000000084e00000|  0%| F|  |TAMS 0x0000000084d00000, 0x0000000084d00000| Untracked 
|  78|0x0000000084e00000, 0x0000000084e00000, 0x0000000084f00000|  0%| F|  |TAMS 0x0000000084e00000, 0x0000000084e00000| Untracked 
|  79|0x0000000084f00000, 0x0000000084f00000, 0x0000000085000000|  0%| F|  |TAMS 0x0000000084f00000, 0x0000000084f00000| Untracked 
|  80|0x0000000085000000, 0x0000000085000000, 0x0000000085100000|  0%| F|  |TAMS 0x0000000085000000, 0x0000000085000000| Untracked 
|  81|0x0000000085100000, 0x0000000085100000, 0x0000000085200000|  0%| F|  |TAMS 0x0000000085100000, 0x0000000085100000| Untracked 
|  82|0x0000000085200000, 0x0000000085248738, 0x0000000085300000| 28%| S|CS|TAMS 0x0000000085200000, 0x0000000085200000| Complete 
|  83|0x0000000085300000, 0x0000000085400000, 0x0000000085400000|100%| S|CS|TAMS 0x0000000085300000, 0x0000000085300000| Complete 
|  84|0x0000000085400000, 0x0000000085500000, 0x0000000085500000|100%| S|CS|TAMS 0x0000000085400000, 0x0000000085400000| Complete 
|  85|0x0000000085500000, 0x0000000085500000, 0x0000000085600000|  0%| F|  |TAMS 0x0000000085500000, 0x0000000085500000| Untracked 
|  86|0x0000000085600000, 0x0000000085600000, 0x0000000085700000|  0%| F|  |TAMS 0x0000000085600000, 0x0000000085600000| Untracked 
|  87|0x0000000085700000, 0x0000000085700000, 0x0000000085800000|  0%| F|  |TAMS 0x0000000085700000, 0x0000000085700000| Untracked 
|  88|0x0000000085800000, 0x0000000085800000, 0x0000000085900000|  0%| F|  |TAMS 0x0000000085800000, 0x0000000085800000| Untracked 
|  89|0x0000000085900000, 0x0000000085900000, 0x0000000085a00000|  0%| F|  |TAMS 0x0000000085900000, 0x0000000085900000| Untracked 
|  90|0x0000000085a00000, 0x0000000085b00000, 0x0000000085b00000|100%| E|  |TAMS 0x0000000085a00000, 0x0000000085a00000| Complete 
|  91|0x0000000085b00000, 0x0000000085c00000, 0x0000000085c00000|100%| E|CS|TAMS 0x0000000085b00000, 0x0000000085b00000| Complete 
|  92|0x0000000085c00000, 0x0000000085d00000, 0x0000000085d00000|100%| E|CS|TAMS 0x0000000085c00000, 0x0000000085c00000| Complete 
|  93|0x0000000085d00000, 0x0000000085e00000, 0x0000000085e00000|100%| E|CS|TAMS 0x0000000085d00000, 0x0000000085d00000| Complete 
|  94|0x0000000085e00000, 0x0000000085f00000, 0x0000000085f00000|100%| E|CS|TAMS 0x0000000085e00000, 0x0000000085e00000| Complete 
|  95|0x0000000085f00000, 0x0000000086000000, 0x0000000086000000|100%| E|CS|TAMS 0x0000000085f00000, 0x0000000085f00000| Complete 
|  96|0x0000000086000000, 0x0000000086100000, 0x0000000086100000|100%| E|CS|TAMS 0x0000000086000000, 0x0000000086000000| Complete 
|  97|0x0000000086100000, 0x0000000086200000, 0x0000000086200000|100%| E|CS|TAMS 0x0000000086100000, 0x0000000086100000| Complete 
|  98|0x0000000086200000, 0x0000000086300000, 0x0000000086300000|100%| E|CS|TAMS 0x0000000086200000, 0x0000000086200000| Complete 
|  99|0x0000000086300000, 0x0000000086400000, 0x0000000086400000|100%| E|CS|TAMS 0x0000000086300000, 0x0000000086300000| Complete 
| 100|0x0000000086400000, 0x0000000086500000, 0x0000000086500000|100%| E|CS|TAMS 0x0000000086400000, 0x0000000086400000| Complete 
| 101|0x0000000086500000, 0x0000000086600000, 0x0000000086600000|100%| E|CS|TAMS 0x0000000086500000, 0x0000000086500000| Complete 
| 102|0x0000000086600000, 0x0000000086700000, 0x0000000086700000|100%| E|CS|TAMS 0x0000000086600000, 0x0000000086600000| Complete 
| 103|0x0000000086700000, 0x0000000086800000, 0x0000000086800000|100%| E|CS|TAMS 0x0000000086700000, 0x0000000086700000| Complete 
| 104|0x0000000086800000, 0x0000000086900000, 0x0000000086900000|100%| E|CS|TAMS 0x0000000086800000, 0x0000000086800000| Complete 
| 105|0x0000000086900000, 0x0000000086a00000, 0x0000000086a00000|100%| E|  |TAMS 0x0000000086900000, 0x0000000086900000| Complete 
| 106|0x0000000086a00000, 0x0000000086b00000, 0x0000000086b00000|100%| E|CS|TAMS 0x0000000086a00000, 0x0000000086a00000| Complete 
| 107|0x0000000086b00000, 0x0000000086c00000, 0x0000000086c00000|100%| E|CS|TAMS 0x0000000086b00000, 0x0000000086b00000| Complete 
| 108|0x0000000086c00000, 0x0000000086d00000, 0x0000000086d00000|100%| E|CS|TAMS 0x0000000086c00000, 0x0000000086c00000| Complete 
| 109|0x0000000086d00000, 0x0000000086e00000, 0x0000000086e00000|100%| E|CS|TAMS 0x0000000086d00000, 0x0000000086d00000| Complete 
| 110|0x0000000086e00000, 0x0000000086f00000, 0x0000000086f00000|100%| E|CS|TAMS 0x0000000086e00000, 0x0000000086e00000| Complete 
| 111|0x0000000086f00000, 0x0000000087000000, 0x0000000087000000|100%| E|CS|TAMS 0x0000000086f00000, 0x0000000086f00000| Complete 
| 112|0x0000000087000000, 0x0000000087100000, 0x0000000087100000|100%| E|CS|TAMS 0x0000000087000000, 0x0000000087000000| Complete 
| 127|0x0000000087f00000, 0x0000000088000000, 0x0000000088000000|100%| E|CS|TAMS 0x0000000087f00000, 0x0000000087f00000| Complete 

Card table byte_map: [0x00000147b94b0000,0x00000147b98b0000] _byte_map_base: 0x00000147b90b0000

Marking Bits (Prev, Next): (CMBitMap*) 0x00000147a690b8e0, (CMBitMap*) 0x00000147a690b920
 Prev Bits: [0x00000147b9cb0000, 0x00000147bbcb0000)
 Next Bits: [0x00000147bbcb0000, 0x00000147bdcb0000)

Polling page: 0x00000147a6070000

Metaspace:

Usage:
  Non-class:     69.91 MB used.
      Class:     10.74 MB used.
       Both:     80.65 MB used.

Virtual space:
  Non-class space:      128.00 MB reserved,      70.19 MB ( 55%) committed,  2 nodes.
      Class space:        1.00 GB reserved,      11.00 MB (  1%) committed,  1 nodes.
             Both:        1.12 GB reserved,      81.19 MB (  7%) committed. 

Chunk freelists:
   Non-Class:  9.33 MB
       Class:  5.02 MB
        Both:  14.34 MB

MaxMetaspaceSize: unlimited
CompressedClassSpaceSize: 1.00 GB
Initial GC threshold: 21.00 MB
Current GC threshold: 132.31 MB
CDS: off
MetaspaceReclaimPolicy: balanced
 - commit_granule_bytes: 65536.
 - commit_granule_words: 8192.
 - virtual_space_node_default_size: 8388608.
 - enlarge_chunks_in_place: 1.
 - new_chunks_are_fully_committed: 0.
 - uncommit_free_chunks: 1.
 - use_allocation_guard: 0.
 - handle_deallocations: 1.


Internal statistics:

num_allocs_failed_limit: 9.
num_arena_births: 782.
num_arena_deaths: 0.
num_vsnodes_births: 3.
num_vsnodes_deaths: 0.
num_space_committed: 1299.
num_space_uncommitted: 0.
num_chunks_returned_to_freelist: 9.
num_chunks_taken_from_freelist: 3453.
num_chunk_merges: 9.
num_chunk_splits: 2378.
num_chunks_enlarged: 1676.
num_inconsistent_stats: 0.

CodeHeap 'non-profiled nmethods': size=120000Kb used=4032Kb max_used=4032Kb free=115967Kb
 bounds [0x00000147b1850000, 0x00000147b1c50000, 0x00000147b8d80000]
CodeHeap 'profiled nmethods': size=120000Kb used=13426Kb max_used=13426Kb free=106573Kb
 bounds [0x00000147a9d80000, 0x00000147aaaa0000, 0x00000147b12b0000]
CodeHeap 'non-nmethods': size=5760Kb used=2403Kb max_used=2460Kb free=3356Kb
 bounds [0x00000147b12b0000, 0x00000147b1540000, 0x00000147b1850000]
 total_blobs=7895 nmethods=6962 adapters=845
 compilation: enabled
              stopped_count=0, restarted_count=0
 full_count=0

Compilation events (20 events):
Event: 34.967 Thread 0x00000147c08a53d0 nmethod 7787 0x00000147aaa93690 code [0x00000147aaa93840, 0x00000147aaa93ae8]
Event: 34.969 Thread 0x00000147c08a53d0 7788       3       com.google.common.collect.NullnessCasts::uncheckedCastNullableTToT (2 bytes)
Event: 34.969 Thread 0x00000147c08a53d0 nmethod 7788 0x00000147aaa93c10 code [0x00000147aaa93da0, 0x00000147aaa93e98]
Event: 34.969 Thread 0x00000147c08a53d0 7789       3       org.gradle.api.internal.artifacts.configurations.DefaultConfigurationContainer_Decorated::getMutationGuard (39 bytes)
Event: 34.970 Thread 0x00000147c08a53d0 nmethod 7789 0x00000147aaa93f10 code [0x00000147aaa94120, 0x00000147aaa94738]
Event: 34.970 Thread 0x00000147c08a53d0 7790       3       com.google.common.collect.Sets$1$1::<init> (42 bytes)
Event: 34.970 Thread 0x00000147c08a53d0 nmethod 7790 0x00000147aaa94910 code [0x00000147aaa94b00, 0x00000147aaa95038]
Event: 34.970 Thread 0x00000147c08a53d0 7791       3       org.gradle.api.internal.attributes.DefaultMutableAttributeContainer::assertAttributeTypeIsValid (53 bytes)
Event: 34.971 Thread 0x00000147c08a53d0 nmethod 7791 0x00000147aaa95210 code [0x00000147aaa954e0, 0x00000147aaa96588]
Event: 34.974 Thread 0x00000147c08a53d0 7792       1       com.android.build.gradle.internal.services.ProjectServices::getObjectFactory (5 bytes)
Event: 34.974 Thread 0x00000147c08a53d0 nmethod 7792 0x00000147b1c3fe10 code [0x00000147b1c3ffa0, 0x00000147b1c40078]
Event: 34.975 Thread 0x00000147c08a53d0 7793       3       com.android.build.gradle.options.ProjectOptions$OptionValue::getValue (20 bytes)
Event: 34.975 Thread 0x00000147c08a53d0 nmethod 7793 0x00000147aaa96b10 code [0x00000147aaa96cc0, 0x00000147aaa96ea8]
Event: 34.976 Thread 0x00000147c08a53d0 7794       3       com.android.build.gradle.options.ProjectOptions$OptionValue$$Lambda$892/0x00000001008a8dc0::call (12 bytes)
Event: 34.976 Thread 0x00000147c08a53d0 nmethod 7794 0x00000147aaa96f90 code [0x00000147aaa97180, 0x00000147aaa97788]
Event: 34.976 Thread 0x00000147c08a53d0 7795       3       com.android.build.gradle.options.ProjectOptions$OptionValue::lambda$setValue$0 (27 bytes)
Event: 34.976 Thread 0x00000147c08a53d0 nmethod 7795 0x00000147aaa97990 code [0x00000147aaa97b80, 0x00000147aaa98148]
Event: 34.978 Thread 0x00000147c08a4320 7796 %     4       org.gradle.internal.instantiation.generator.AbstractClassGenerator::inspectType @ 341 (560 bytes)
Event: 34.980 Thread 0x00000147c08a53d0 7797       3       org.gradle.internal.reflect.JavaReflectionUtil::getWrapperTypeForPrimitiveType (101 bytes)
Event: 34.981 Thread 0x00000147c08a53d0 nmethod 7797 0x00000147aaa98310 code [0x00000147aaa98640, 0x00000147aaa99958]

GC Heap History (20 events):
Event: 15.818 GC heap before
{Heap before GC invocations=30 (full 0):
 garbage-first heap   total 96256K, used 70121K [0x0000000080000000, 0x0000000100000000)
  region size 1024K, 19 young (19456K), 1 survivors (1024K)
 Metaspace       used 65288K, committed 65856K, reserved 1114112K
  class space    used 8704K, committed 8960K, reserved 1048576K
}
Event: 15.821 GC heap after
{Heap after GC invocations=31 (full 0):
 garbage-first heap   total 96256K, used 53176K [0x0000000080000000, 0x0000000100000000)
  region size 1024K, 1 young (1024K), 1 survivors (1024K)
 Metaspace       used 65288K, committed 65856K, reserved 1114112K
  class space    used 8704K, committed 8960K, reserved 1048576K
}
Event: 16.430 GC heap before
{Heap before GC invocations=32 (full 0):
 garbage-first heap   total 96256K, used 71608K [0x0000000080000000, 0x0000000100000000)
  region size 1024K, 20 young (20480K), 1 survivors (1024K)
 Metaspace       used 67416K, committed 67968K, reserved 1114112K
  class space    used 8939K, committed 9152K, reserved 1048576K
}
Event: 16.433 GC heap after
{Heap after GC invocations=33 (full 0):
 garbage-first heap   total 96256K, used 53562K [0x0000000080000000, 0x0000000100000000)
  region size 1024K, 1 young (1024K), 1 survivors (1024K)
 Metaspace       used 67416K, committed 67968K, reserved 1114112K
  class space    used 8939K, committed 9152K, reserved 1048576K
}
Event: 17.100 GC heap before
{Heap before GC invocations=33 (full 0):
 garbage-first heap   total 96256K, used 75066K [0x0000000080000000, 0x0000000100000000)
  region size 1024K, 22 young (22528K), 1 survivors (1024K)
 Metaspace       used 69744K, committed 70336K, reserved 1114112K
  class space    used 9281K, committed 9536K, reserved 1048576K
}
Event: 17.106 GC heap after
{Heap after GC invocations=34 (full 0):
 garbage-first heap   total 96256K, used 54521K [0x0000000080000000, 0x0000000100000000)
  region size 1024K, 2 young (2048K), 2 survivors (2048K)
 Metaspace       used 69744K, committed 70336K, reserved 1114112K
  class space    used 9281K, committed 9536K, reserved 1048576K
}
Event: 17.785 GC heap before
{Heap before GC invocations=35 (full 0):
 garbage-first heap   total 96256K, used 67833K [0x0000000080000000, 0x0000000100000000)
  region size 1024K, 17 young (17408K), 2 survivors (2048K)
 Metaspace       used 71792K, committed 72384K, reserved 1114112K
  class space    used 9546K, committed 9792K, reserved 1048576K
}
Event: 17.792 GC heap after
{Heap after GC invocations=36 (full 0):
 garbage-first heap   total 96256K, used 56312K [0x0000000080000000, 0x0000000100000000)
  region size 1024K, 3 young (3072K), 3 survivors (3072K)
 Metaspace       used 71792K, committed 72384K, reserved 1114112K
  class space    used 9546K, committed 9792K, reserved 1048576K
}
Event: 17.949 GC heap before
{Heap before GC invocations=37 (full 0):
 garbage-first heap   total 116736K, used 68600K [0x0000000080000000, 0x0000000100000000)
  region size 1024K, 12 young (12288K), 3 survivors (3072K)
 Metaspace       used 71797K, committed 72384K, reserved 1114112K
  class space    used 9547K, committed 9792K, reserved 1048576K
}
Event: 17.955 GC heap after
{Heap after GC invocations=38 (full 0):
 garbage-first heap   total 116736K, used 62087K [0x0000000080000000, 0x0000000100000000)
  region size 1024K, 3 young (3072K), 3 survivors (3072K)
 Metaspace       used 71797K, committed 72384K, reserved 1114112K
  class space    used 9547K, committed 9792K, reserved 1048576K
}
Event: 18.648 GC heap before
{Heap before GC invocations=39 (full 0):
 garbage-first heap   total 116736K, used 86663K [0x0000000080000000, 0x0000000100000000)
  region size 1024K, 26 young (26624K), 3 survivors (3072K)
 Metaspace       used 73457K, committed 73984K, reserved 1114112K
  class space    used 9772K, committed 10048K, reserved 1048576K
}
Event: 18.652 GC heap after
{Heap after GC invocations=40 (full 0):
 garbage-first heap   total 116736K, used 60988K [0x0000000080000000, 0x0000000100000000)
  region size 1024K, 3 young (3072K), 3 survivors (3072K)
 Metaspace       used 73457K, committed 73984K, reserved 1114112K
  class space    used 9772K, committed 10048K, reserved 1048576K
}
Event: 19.264 GC heap before
{Heap before GC invocations=40 (full 0):
 garbage-first heap   total 116736K, used 84540K [0x0000000080000000, 0x0000000100000000)
  region size 1024K, 27 young (27648K), 3 survivors (3072K)
 Metaspace       used 75283K, committed 75904K, reserved 1179648K
  class space    used 10012K, committed 10304K, reserved 1048576K
}
Event: 19.272 GC heap after
{Heap after GC invocations=41 (full 0):
 garbage-first heap   total 116736K, used 62197K [0x0000000080000000, 0x0000000100000000)
  region size 1024K, 2 young (2048K), 2 survivors (2048K)
 Metaspace       used 75283K, committed 75904K, reserved 1179648K
  class space    used 10012K, committed 10304K, reserved 1048576K
}
Event: 20.159 GC heap before
{Heap before GC invocations=42 (full 0):
 garbage-first heap   total 116736K, used 85749K [0x0000000080000000, 0x0000000100000000)
  region size 1024K, 27 young (27648K), 2 survivors (2048K)
 Metaspace       used 78248K, committed 78848K, reserved 1179648K
  class space    used 10434K, committed 10688K, reserved 1048576K
}
Event: 20.166 GC heap after
{Heap after GC invocations=43 (full 0):
 garbage-first heap   total 116736K, used 62111K [0x0000000080000000, 0x0000000100000000)
  region size 1024K, 3 young (3072K), 3 survivors (3072K)
 Metaspace       used 78248K, committed 78848K, reserved 1179648K
  class space    used 10434K, committed 10688K, reserved 1048576K
}
Event: 20.237 GC heap before
{Heap before GC invocations=43 (full 0):
 garbage-first heap   total 116736K, used 64159K [0x0000000080000000, 0x0000000100000000)
  region size 1024K, 5 young (5120K), 3 survivors (3072K)
 Metaspace       used 78481K, committed 79104K, reserved 1179648K
  class space    used 10453K, committed 10752K, reserved 1048576K
}
Event: 20.241 GC heap after
{Heap after GC invocations=44 (full 0):
 garbage-first heap   total 116736K, used 62022K [0x0000000080000000, 0x0000000100000000)
  region size 1024K, 1 young (1024K), 1 survivors (1024K)
 Metaspace       used 78481K, committed 79104K, reserved 1179648K
  class space    used 10453K, committed 10752K, reserved 1048576K
}
Event: 34.238 GC heap before
{Heap before GC invocations=44 (full 0):
 garbage-first heap   total 116736K, used 89670K [0x0000000080000000, 0x0000000100000000)
  region size 1024K, 29 young (29696K), 1 survivors (1024K)
 Metaspace       used 80672K, committed 81280K, reserved 1179648K
  class space    used 10729K, committed 11008K, reserved 1048576K
}
Event: 34.243 GC heap after
{Heap after GC invocations=45 (full 0):
 garbage-first heap   total 116736K, used 63752K [0x0000000080000000, 0x0000000100000000)
  region size 1024K, 3 young (3072K), 3 survivors (3072K)
 Metaspace       used 80672K, committed 81280K, reserved 1179648K
  class space    used 10729K, committed 11008K, reserved 1048576K
}

Dll operation events (3 events):
Event: 0.024 Loaded shared library C:\Program Files\Android\Android Studio\jbr\bin\java.dll
Event: 0.398 Loaded shared library C:\Program Files\Android\Android Studio\jbr\bin\zip.dll
Event: 0.924 Loaded shared library C:\Program Files\Android\Android Studio\jbr\bin\verify.dll

Deoptimization events (20 events):
Event: 26.267 Thread 0x00000147c7d159c0 Uncommon trap: trap_request=0xffffffde fr.pc=0x00000147b1c1f22c relative=0x00000000000004cc
Event: 26.267 Thread 0x00000147c7d159c0 Uncommon trap: reason=class_check action=maybe_recompile pc=0x00000147b1c1f22c method=kotlin.reflect.jvm.internal.impl.protobuf.CodedInputStream.tryRefillBuffer(I)Z @ 175 c2
Event: 26.267 Thread 0x00000147c7d159c0 DEOPT PACKING pc=0x00000147b1c1f22c sp=0x00000003c54f8760
Event: 26.267 Thread 0x00000147c7d159c0 DEOPT UNPACKING pc=0x00000147b13069a3 sp=0x00000003c54f8648 mode 2
Event: 27.868 Thread 0x00000147c80b4380 Uncommon trap: trap_request=0xffffff45 fr.pc=0x00000147b1b35358 relative=0x0000000000000218
Event: 27.868 Thread 0x00000147c80b4380 Uncommon trap: reason=unstable_if action=reinterpret pc=0x00000147b1b35358 method=com.esotericsoftware.kryo.io.Input.readVarInt(Z)I @ 42 c2
Event: 27.868 Thread 0x00000147c80b4380 DEOPT PACKING pc=0x00000147b1b35358 sp=0x00000003c6bfe780
Event: 27.868 Thread 0x00000147c80b4380 DEOPT UNPACKING pc=0x00000147b13069a3 sp=0x00000003c6bfe670 mode 2
Event: 27.874 Thread 0x00000147c80b4380 Uncommon trap: trap_request=0xffffff45 fr.pc=0x00000147b1b362bc relative=0x00000000000001fc
Event: 27.874 Thread 0x00000147c80b4380 Uncommon trap: reason=unstable_if action=reinterpret pc=0x00000147b1b362bc method=com.esotericsoftware.kryo.io.Input.readVarInt(Z)I @ 42 c2
Event: 27.874 Thread 0x00000147c80b4380 DEOPT PACKING pc=0x00000147b1b362bc sp=0x00000003c6bfe6c0
Event: 27.875 Thread 0x00000147c80b4380 DEOPT UNPACKING pc=0x00000147b13069a3 sp=0x00000003c6bfe678 mode 2
Event: 34.108 Thread 0x00000147c7d159c0 Uncommon trap: trap_request=0xffffff45 fr.pc=0x00000147b1903914 relative=0x00000000000000f4
Event: 34.108 Thread 0x00000147c7d159c0 Uncommon trap: reason=unstable_if action=reinterpret pc=0x00000147b1903914 method=java.net.URLClassLoader.getAndVerifyPackage(Ljava/lang/String;Ljava/util/jar/Manifest;Ljava/net/URL;)Ljava/lang/Package; @ 62 c2
Event: 34.108 Thread 0x00000147c7d159c0 DEOPT PACKING pc=0x00000147b1903914 sp=0x00000003c54f89e0
Event: 34.108 Thread 0x00000147c7d159c0 DEOPT UNPACKING pc=0x00000147b13069a3 sp=0x00000003c54f8978 mode 2
Event: 34.948 Thread 0x00000147c7d159c0 Uncommon trap: trap_request=0xffffff45 fr.pc=0x00000147b18d0898 relative=0x00000000000003d8
Event: 34.948 Thread 0x00000147c7d159c0 Uncommon trap: reason=unstable_if action=reinterpret pc=0x00000147b18d0898 method=java.lang.StringConcatHelper.simpleConcat(Ljava/lang/Object;Ljava/lang/Object;)Ljava/lang/String; @ 30 c2
Event: 34.948 Thread 0x00000147c7d159c0 DEOPT PACKING pc=0x00000147b18d0898 sp=0x00000003c54f8850
Event: 34.948 Thread 0x00000147c7d159c0 DEOPT UNPACKING pc=0x00000147b13069a3 sp=0x00000003c54f87f8 mode 2

Classes unloaded (0 events):
No events

Classes redefined (0 events):
No events

Internal exceptions (20 events):
Event: 13.352 Thread 0x00000147c73dbbb0 Exception <a 'java/lang/NoSuchMethodError'{0x00000000844351d8}: static Lorg/gradle/internal/build/event/types/AbstractOperationResult;.<clinit>()V> (0x00000000844351d8) 
thrown [s\src\hotspot\share\prims\jni.cpp, line 1108]
Event: 13.352 Thread 0x00000147c73dbbb0 Exception <a 'java/lang/NoSuchMethodError'{0x0000000084436640}: static Lorg/gradle/internal/build/event/types/AbstractResult;.<clinit>()V> (0x0000000084436640) 
thrown [s\src\hotspot\share\prims\jni.cpp, line 1108]
Event: 13.355 Thread 0x00000147c73dbbb0 Exception <a 'java/lang/NoSuchMethodError'{0x000000008444e4e8}: static Lorg/gradle/internal/build/event/types/DefaultPluginApplicationResult;.<clinit>()V> (0x000000008444e4e8) 
thrown [s\src\hotspot\share\prims\jni.cpp, line 1108]
Event: 13.357 Thread 0x00000147c73dbbb0 Exception <a 'java/lang/NoSuchMethodError'{0x000000008445ae90}: static Lorg/gradle/internal/build/event/types/DefaultBinaryPluginIdentifier;.<clinit>()V> (0x000000008445ae90) 
thrown [s\src\hotspot\share\prims\jni.cpp, line 1108]
Event: 13.366 Thread 0x00000147c73dbbb0 Exception <a 'java/lang/NoSuchMethodError'{0x0000000084483ad0}: static Lorg/gradle/internal/build/event/types/DefaultScriptPluginIdentifier;.<clinit>()V> (0x0000000084483ad0) 
thrown [s\src\hotspot\share\prims\jni.cpp, line 1108]
Event: 13.513 Thread 0x00000147c7d159c0 Implicit null exception at 0x00000147b1b38e12 to 0x00000147b1b39530
Event: 13.718 Thread 0x00000147c0882e80 Implicit null exception at 0x00000147b1ae54e0 to 0x00000147b1ae564c
Event: 13.937 Thread 0x00000147c7d159c0 Exception <a 'java/lang/ClassNotFoundException'{0x00000000852fdc98}: sun/misc/SharedSecrets> (0x00000000852fdc98) 
thrown [s\src\hotspot\share\classfile\systemDictionary.cpp, line 256]
Event: 13.937 Thread 0x00000147c7d159c0 Exception <a 'java/lang/ClassNotFoundException'{0x00000000852ff270}: org/gradle/api/internal/plugins/DefaultObjectConfigurationActionBeanInfo> (0x00000000852ff270) 
thrown [s\src\hotspot\share\classfile\systemDictionary.cpp, line 256]
Event: 13.938 Thread 0x00000147c7d159c0 Exception <a 'java/lang/ClassNotFoundException'{0x00000000851141e8}: org/gradle/api/internal/plugins/DefaultObjectConfigurationActionCustomizer> (0x00000000851141e8) 
thrown [s\src\hotspot\share\classfile\systemDictionary.cpp, line 256]
Event: 14.676 Thread 0x00000147c7d159c0 Exception <a 'java/lang/NoSuchMethodError'{0x00000000858ca9a8}: 'java.lang.Object java.lang.invoke.DirectMethodHandle$Holder.newInvokeSpecial(java.lang.Object, java.lang.Object, java.lang.Object, java.lang.Object, int)'> (0x00000000858ca9a8) 
thrown [s\src\hotspot\share\interpreter\linkResolver.cpp, line 771]
Event: 14.677 Thread 0x00000147c7d159c0 Exception <a 'java/lang/NoSuchMethodError'{0x00000000858cfdf0}: 'java.lang.Object java.lang.invoke.DirectMethodHandle$Holder.invokeSpecial(java.lang.Object, java.lang.Object, java.lang.Object, java.lang.Object, java.lang.Object, int)'> (0x00000000858cfdf0) 
thrown [s\src\hotspot\share\interpreter\linkResolver.cpp, line 771]
Event: 14.678 Thread 0x00000147c7d159c0 Exception <a 'java/lang/NoSuchMethodError'{0x00000000858d4b70}: 'java.lang.Object java.lang.invoke.Invokers$Holder.linkToTargetMethod(java.lang.Object, java.lang.Object, java.lang.Object, int, java.lang.Object)'> (0x00000000858d4b70) 
thrown [s\src\hotspot\share\interpreter\linkResolver.cpp, line 771]
Event: 15.552 Thread 0x00000147c7d159c0 Exception <a 'java/lang/NoSuchMethodError'{0x000000008533be68}: 'int java.lang.invoke.DirectMethodHandle$Holder.invokeInterface(java.lang.Object, java.lang.Object, java.lang.Object, java.lang.Object)'> (0x000000008533be68) 
thrown [s\src\hotspot\share\interpreter\linkResolver.cpp, line 771]
Event: 17.183 Thread 0x00000147c7d159c0 Exception <a 'java/lang/IncompatibleClassChangeError'{0x0000000087f6eab8}: Found class java.lang.Object, but interface was expected> (0x0000000087f6eab8) 
thrown [s\src\hotspot\share\interpreter\linkResolver.cpp, line 838]
Event: 17.329 Thread 0x00000147c7d159c0 Implicit null exception at 0x00000147b1a81c54 to 0x00000147b1a81e0c
Event: 17.330 Thread 0x00000147c7d159c0 Implicit null exception at 0x00000147b1ad8a20 to 0x00000147b1ad8c00
Event: 17.637 Thread 0x00000147c7d159c0 Implicit null exception at 0x00000147b1a0800c to 0x00000147b1a08146
Event: 18.076 Thread 0x00000147c7d159c0 Exception <a 'sun/nio/fs/WindowsException'{0x0000000086bb5130}> (0x0000000086bb5130) 
thrown [s\src\hotspot\share\prims\jni.cpp, line 517]
Event: 19.320 Thread 0x00000147c7d159c0 Implicit null exception at 0x00000147b1bd7bc9 to 0x00000147b1bd7c9c

VM Operations (20 events):
Event: 27.300 Executing VM operation: Cleanup
Event: 27.300 Executing VM operation: Cleanup done
Event: 28.316 Executing VM operation: Cleanup
Event: 28.316 Executing VM operation: Cleanup done
Event: 29.331 Executing VM operation: Cleanup
Event: 29.331 Executing VM operation: Cleanup done
Event: 30.338 Executing VM operation: Cleanup
Event: 30.339 Executing VM operation: Cleanup done
Event: 31.348 Executing VM operation: Cleanup
Event: 31.349 Executing VM operation: Cleanup done
Event: 33.357 Executing VM operation: Cleanup
Event: 33.357 Executing VM operation: Cleanup done
Event: 34.237 Executing VM operation: G1CollectForAllocation
Event: 34.243 Executing VM operation: G1CollectForAllocation done
Event: 34.251 Executing VM operation: HandshakeAllThreads
Event: 34.251 Executing VM operation: HandshakeAllThreads done
Event: 34.321 Executing VM operation: G1Concurrent
Event: 34.328 Executing VM operation: G1Concurrent done
Event: 34.373 Executing VM operation: G1Concurrent
Event: 34.374 Executing VM operation: G1Concurrent done

Events (20 events):
Event: 17.753 loading class java/util/Base64
Event: 17.753 loading class java/util/Base64 done
Event: 17.755 loading class java/util/Base64$Decoder
Event: 17.756 loading class java/util/Base64$Decoder done
Event: 17.756 loading class java/util/Base64$Encoder
Event: 17.756 loading class java/util/Base64$Encoder done
Event: 17.762 loading class java/util/jar/JarVerifier$VerifierStream
Event: 17.763 loading class java/util/jar/JarVerifier$VerifierStream done
Event: 17.763 loading class sun/security/util/ManifestEntryVerifier$SunProviderHolder
Event: 17.764 loading class sun/security/util/ManifestEntryVerifier$SunProviderHolder done
Event: 19.162 loading class javax/xml/stream/XMLStreamException
Event: 19.163 loading class javax/xml/stream/XMLStreamException done
Event: 19.253 loading class sun/reflect/annotation/AnnotationInvocationHandler$1
Event: 19.253 loading class sun/reflect/annotation/AnnotationInvocationHandler$1 done
Event: 19.931 Thread 0x00000147c99c3690 Thread exited: 0x00000147c99c3690
Event: 19.931 Thread 0x00000147c86a1d30 Thread exited: 0x00000147c86a1d30
Event: 33.652 Thread 0x00000147c7868ed0 Thread added: 0x00000147c7868ed0
Event: 33.659 Thread 0x00000147c78693e0 Thread added: 0x00000147c78693e0
Event: 33.870 Thread 0x00000147c78693e0 Thread exited: 0x00000147c78693e0
Event: 34.049 Thread 0x00000147c7868ed0 Thread exited: 0x00000147c7868ed0


Dynamic libraries:
0x00007ff7ca340000 - 0x00007ff7ca34a000 	C:\Program Files\Android\Android Studio\jbr\bin\java.exe
0x00007ffeac6b0000 - 0x00007ffeac8c7000 	C:\WINDOWS\SYSTEM32\ntdll.dll
0x00007ffeab0f0000 - 0x00007ffeab1b4000 	C:\WINDOWS\System32\KERNEL32.DLL
0x00007ffea9e30000 - 0x00007ffeaa1d7000 	C:\WINDOWS\System32\KERNELBASE.dll
0x00007ffeaa1e0000 - 0x00007ffeaa2f1000 	C:\WINDOWS\System32\ucrtbase.dll
0x00007ffe83660000 - 0x00007ffe83677000 	C:\Program Files\Android\Android Studio\jbr\bin\jli.dll
0x00007ffeac230000 - 0x00007ffeac3de000 	C:\WINDOWS\System32\USER32.dll
0x00007ffe93f20000 - 0x00007ffe941b3000 	C:\WINDOWS\WinSxS\amd64_microsoft.windows.common-controls_6595b64144ccf1df_6.0.22621.3527_none_270e469b73872a76\COMCTL32.dll
0x00007ffeaa3b0000 - 0x00007ffeaa3d6000 	C:\WINDOWS\System32\win32u.dll
0x00007ffeaae80000 - 0x00007ffeaaf27000 	C:\WINDOWS\System32\msvcrt.dll
0x00007ffeac200000 - 0x00007ffeac229000 	C:\WINDOWS\System32\GDI32.dll
0x00007ffea9b40000 - 0x00007ffea9c59000 	C:\WINDOWS\System32\gdi32full.dll
0x00007ffea9d90000 - 0x00007ffea9e2a000 	C:\WINDOWS\System32\msvcp_win.dll
0x00007ffea2390000 - 0x00007ffea23ab000 	C:\Program Files\Android\Android Studio\jbr\bin\VCRUNTIME140.dll
0x00007ffeac1c0000 - 0x00007ffeac1f1000 	C:\WINDOWS\System32\IMM32.DLL
0x00007ffe87430000 - 0x00007ffe8743c000 	C:\Program Files\Android\Android Studio\jbr\bin\vcruntime140_1.dll
0x00007ffe73440000 - 0x00007ffe734cd000 	C:\Program Files\Android\Android Studio\jbr\bin\msvcp140.dll
0x00007ffe69810000 - 0x00007ffe6a490000 	C:\Program Files\Android\Android Studio\jbr\bin\server\jvm.dll
0x00007ffeaadc0000 - 0x00007ffeaae72000 	C:\WINDOWS\System32\ADVAPI32.dll
0x00007ffeac3e0000 - 0x00007ffeac488000 	C:\WINDOWS\System32\sechost.dll
0x00007ffeaa300000 - 0x00007ffeaa328000 	C:\WINDOWS\System32\bcrypt.dll
0x00007ffeab840000 - 0x00007ffeab955000 	C:\WINDOWS\System32\RPCRT4.dll
0x00007ffea2150000 - 0x00007ffea2184000 	C:\WINDOWS\SYSTEM32\WINMM.dll
0x00007ffe92450000 - 0x00007ffe92459000 	C:\WINDOWS\SYSTEM32\WSOCK32.dll
0x00007ffe9f5b0000 - 0x00007ffe9f5ba000 	C:\WINDOWS\SYSTEM32\VERSION.dll
0x00007ffeaad40000 - 0x00007ffeaadb1000 	C:\WINDOWS\System32\WS2_32.dll
0x00007ffea89b0000 - 0x00007ffea89c8000 	C:\WINDOWS\SYSTEM32\kernel.appcore.dll
0x00007ffe8d310000 - 0x00007ffe8d31a000 	C:\Program Files\Android\Android Studio\jbr\bin\jimage.dll
0x00007ffea72f0000 - 0x00007ffea7523000 	C:\WINDOWS\SYSTEM32\DBGHELP.DLL
0x00007ffeaa7f0000 - 0x00007ffeaab78000 	C:\WINDOWS\System32\combase.dll
0x00007ffeaac30000 - 0x00007ffeaad07000 	C:\WINDOWS\System32\OLEAUT32.dll
0x00007ffe91440000 - 0x00007ffe91472000 	C:\WINDOWS\SYSTEM32\dbgcore.DLL
0x00007ffeaa330000 - 0x00007ffeaa3a9000 	C:\WINDOWS\System32\bcryptPrimitives.dll
0x00007ffe87680000 - 0x00007ffe8768e000 	C:\Program Files\Android\Android Studio\jbr\bin\instrument.dll
0x00007ffe87490000 - 0x00007ffe874b5000 	C:\Program Files\Android\Android Studio\jbr\bin\java.dll
0x00007ffe8ca60000 - 0x00007ffe8ca78000 	C:\Program Files\Android\Android Studio\jbr\bin\zip.dll
0x00007ffeab960000 - 0x00007ffeac1bc000 	C:\WINDOWS\System32\SHELL32.dll
0x00007ffea78c0000 - 0x00007ffea81b6000 	C:\WINDOWS\SYSTEM32\windows.storage.dll
0x00007ffea7780000 - 0x00007ffea78be000 	C:\WINDOWS\SYSTEM32\wintypes.dll
0x00007ffeaa450000 - 0x00007ffeaa545000 	C:\WINDOWS\System32\SHCORE.dll
0x00007ffeab300000 - 0x00007ffeab35e000 	C:\WINDOWS\System32\shlwapi.dll
0x00007ffea9900000 - 0x00007ffea9921000 	C:\WINDOWS\SYSTEM32\profapi.dll
0x00007ffe87470000 - 0x00007ffe87489000 	C:\Program Files\Android\Android Studio\jbr\bin\net.dll
0x00007ffea2a20000 - 0x00007ffea2b56000 	C:\WINDOWS\SYSTEM32\WINHTTP.dll
0x00007ffea8e10000 - 0x00007ffea8e79000 	C:\WINDOWS\system32\mswsock.dll
0x00007ffe83680000 - 0x00007ffe83696000 	C:\Program Files\Android\Android Studio\jbr\bin\nio.dll
0x00007ffe8d300000 - 0x00007ffe8d310000 	C:\Program Files\Android\Android Studio\jbr\bin\verify.dll
0x00007ffe77a40000 - 0x00007ffe77a67000 	C:\Users\bhava\.gradle\native\68d5fa5c4cc2d200863cafc0d521ce42e7d3e7ee720ec0a83991735586a16f82\windows-amd64\native-platform.dll
0x00007ffe68ad0000 - 0x00007ffe68c14000 	C:\Users\bhava\.gradle\native\e376f236ea51e6404a007f0833ffe2c6e607c4080706a723a18a27aeea778392\windows-amd64\native-platform-file-events.dll
0x00007ffe8cab0000 - 0x00007ffe8cab9000 	C:\Program Files\Android\Android Studio\jbr\bin\management.dll
0x00007ffe89540000 - 0x00007ffe8954b000 	C:\Program Files\Android\Android Studio\jbr\bin\management_ext.dll
0x00007ffeab2c0000 - 0x00007ffeab2c8000 	C:\WINDOWS\System32\PSAPI.DLL
0x00007ffea9020000 - 0x00007ffea903b000 	C:\WINDOWS\SYSTEM32\CRYPTSP.dll
0x00007ffea8910000 - 0x00007ffea8945000 	C:\WINDOWS\system32\rsaenh.dll
0x00007ffea8ec0000 - 0x00007ffea8ee8000 	C:\WINDOWS\SYSTEM32\USERENV.dll
0x00007ffea9040000 - 0x00007ffea904c000 	C:\WINDOWS\SYSTEM32\CRYPTBASE.dll
0x00007ffea8420000 - 0x00007ffea844d000 	C:\WINDOWS\SYSTEM32\IPHLPAPI.DLL
0x00007ffeaa7e0000 - 0x00007ffeaa7e9000 	C:\WINDOWS\System32\NSI.dll
0x00007ffea3140000 - 0x00007ffea3159000 	C:\WINDOWS\SYSTEM32\dhcpcsvc6.DLL
0x00007ffea2c30000 - 0x00007ffea2c4f000 	C:\WINDOWS\SYSTEM32\dhcpcsvc.DLL
0x00007ffea8490000 - 0x00007ffea8589000 	C:\WINDOWS\SYSTEM32\DNSAPI.dll
0x00007ffe8f0d0000 - 0x00007ffe8f0d8000 	C:\WINDOWS\system32\wshunix.dll
0x00007ffe9bfe0000 - 0x00007ffe9bfea000 	C:\Windows\System32\rasadhlp.dll
0x00007ffea19f0000 - 0x00007ffea1a73000 	C:\WINDOWS\System32\fwpuclnt.dll

dbghelp: loaded successfully - version: 4.0.5 - missing functions: none
symbol engine: initialized successfully - sym options: 0x614 - pdb path: .;C:\Program Files\Android\Android Studio\jbr\bin;C:\WINDOWS\SYSTEM32;C:\WINDOWS\WinSxS\amd64_microsoft.windows.common-controls_6595b64144ccf1df_6.0.22621.3527_none_270e469b73872a76;C:\Program Files\Android\Android Studio\jbr\bin\server;C:\Users\bhava\.gradle\native\68d5fa5c4cc2d200863cafc0d521ce42e7d3e7ee720ec0a83991735586a16f82\windows-amd64;C:\Users\bhava\.gradle\native\e376f236ea51e6404a007f0833ffe2c6e607c4080706a723a18a27aeea778392\windows-amd64

VM Arguments:
jvm_args: --add-opens=java.base/java.util=ALL-UNNAMED --add-opens=java.base/java.lang=ALL-UNNAMED --add-opens=java.base/java.lang.invoke=ALL-UNNAMED --add-opens=java.prefs/java.util.prefs=ALL-UNNAMED --add-opens=java.base/java.nio.charset=ALL-UNNAMED --add-opens=java.base/java.net=ALL-UNNAMED --add-opens=java.base/java.util.concurrent.atomic=ALL-UNNAMED -Xmx2048m -Dfile.encoding=UTF-8 -Duser.country=IN -Duser.language=en -Duser.variant -javaagent:C:\Users\bhava\.gradle\wrapper\dists\gradle-8.2-bin\bbg7u40eoinfdyxsxr3z4i7ta\gradle-8.2\lib\agents\gradle-instrumentation-agent-8.2.jar 
java_command: org.gradle.launcher.daemon.bootstrap.GradleDaemon 8.2
java_class_path (initial): C:\Users\bhava\.gradle\wrapper\dists\gradle-8.2-bin\bbg7u40eoinfdyxsxr3z4i7ta\gradle-8.2\lib\gradle-launcher-8.2.jar
Launcher Type: SUN_STANDARD

[Global flags]
     intx CICompilerCount                          = 4                                         {product} {ergonomic}
     uint ConcGCThreads                            = 2                                         {product} {ergonomic}
     uint G1ConcRefinementThreads                  = 8                                         {product} {ergonomic}
   size_t G1HeapRegionSize                         = 1048576                                   {product} {ergonomic}
    uintx GCDrainStackTargetSize                   = 64                                        {product} {ergonomic}
   size_t InitialHeapSize                          = 134217728                                 {product} {ergonomic}
   size_t MarkStackSize                            = 4194304                                   {product} {ergonomic}
   size_t MaxHeapSize                              = 2147483648                                {product} {command line}
   size_t MaxNewSize                               = 1287651328                                {product} {ergonomic}
   size_t MinHeapDeltaBytes                        = 1048576                                   {product} {ergonomic}
   size_t MinHeapSize                              = 8388608                                   {product} {ergonomic}
    uintx NonNMethodCodeHeapSize                   = 5839372                                {pd product} {ergonomic}
    uintx NonProfiledCodeHeapSize                  = 122909434                              {pd product} {ergonomic}
    uintx ProfiledCodeHeapSize                     = 122909434                              {pd product} {ergonomic}
    uintx ReservedCodeCacheSize                    = 251658240                              {pd product} {ergonomic}
     bool SegmentedCodeCache                       = true                                      {product} {ergonomic}
   size_t SoftMaxHeapSize                          = 2147483648                             {manageable} {ergonomic}
     bool UseCompressedClassPointers               = true                           {product lp64_product} {ergonomic}
     bool UseCompressedOops                        = true                           {product lp64_product} {ergonomic}
     bool UseG1GC                                  = true                                      {product} {ergonomic}
     bool UseLargePagesIndividualAllocation        = false                                  {pd product} {ergonomic}

Logging:
Log output configuration:
 #0: stdout all=warning uptime,level,tags
 #1: stderr all=off uptime,level,tags

Environment Variables:
JAVA_HOME=C:\Users\bhava\AppData\Local\Programs\Eclipse Adoptium\jdk-17.0.8.101-hotspot\
PATH=C:\Program Files\Python311\Scripts\;C:\Program Files\Python311\;C:\WINDOWS\system32;C:\WINDOWS;C:\WINDOWS\System32\Wbem;C:\WINDOWS\System32\WindowsPowerShell\v1.0\;C:\WINDOWS\System32\OpenSSH\;C:\Program Files\dotnet\;C:\ProgramData\chocolatey\bin;C:\Program Files\Git\cmd;C:\MinGW\bin;C:\Program Files\MySQL\MySQL Server 8.0\bin;C:\Strawberry\c\bin;C:\Strawberry\perl\site\bin;C:\Strawberry\perl\bin;C:\Program Files\MySQL\MySQL Shell 8.0\bin\;C:\Users\bhava\AppData\Local\Programs\Eclipse Adoptium\jdk-17.0.8.101-hotspot\bin;C:\Users\bhava\AppData\Local\Microsoft\WindowsApps;C:\Users\bhava\AppData\Local\Programs\Microsoft VS Code\bin;C:\Program Files\JetBrains\IntelliJ IDEA 2023.2.1\bin;;C:\Program Files\JetBrains\IntelliJ IDEA Community Edition 2023.2.5\bin;;C:\MinGW\bin;C:\Users\bhava\AppData\Local\Programs\MiKTeX\miktex\bin\x64\
USERNAME=rahul
OS=Windows_NT
PROCESSOR_IDENTIFIER=Intel64 Family 6 Model 142 Stepping 10, GenuineIntel
TMP=C:\Users\bhava\AppData\Local\Temp
TEMP=C:\Users\bhava\AppData\Local\Temp


JNI global refs:
JNI global refs: 28, weak refs: 3

JNI global refs memory usage: 843, weak refs: 841

OOME stack traces (most recent first):
Classloader memory used:
Loader org.gradle.internal.classloader.VisitableURLClassLoader                         : 4106K
Loader bootstrap                                                                       : 3270K
Loader org.gradle.internal.classloader.VisitableURLClassLoader$InstrumentingVisitableURLClassLoader: 1523K
Loader org.gradle.initialization.MixInLegacyTypesClassLoader                           : 1269K
Loader jdk.internal.loader.ClassLoaders$PlatformClassLoader                            : 99845B
Loader jdk.internal.reflect.DelegatingClassLoader                                      : 32467B
Loader jdk.internal.loader.ClassLoaders$AppClassLoader                                 : 28359B
Loader org.gradle.groovy.scripts.internal.DefaultScriptCompilationHandler$ScriptClassLoader: 1712B
Loader sun.reflect.misc.MethodUtil                                                     : 373B
Loader org.codehaus.groovy.runtime.callsite.CallSiteClassLoader                        : 356B


[error occurred during error reporting (Classloader stats), id 0xe0000001, Out of Memory Error (s\src\hotspot\share\memory\arena.cpp:78)]


---------------  S Y S T E M  ---------------

OS:
 Windows 11 , 64 bit Build 22621 (10.0.22621.3527)
OS uptime: 0 days 21:45 hours
Hyper-V role detected

CPU: total 8 (initial active 8) (4 cores per cpu, 2 threads per core) family 6 model 142 stepping 10 microcode 0xe0, cx8, cmov, fxsr, ht, mmx, 3dnowpref, sse, sse2, sse3, ssse3, sse4.1, sse4.2, popcnt, lzcnt, tsc, tscinvbit, avx, avx2, aes, erms, clmul, bmi1, bmi2, adx, fma, vzeroupper, clflush, clflushopt, hv

Memory: 4k page, system-wide physical 8108M (1187M free)
TotalPageFile size 12991M (AvailPageFile size 1M)
current process WorkingSet (physical memory assigned to process): 318M, peak: 339M
current process commit charge ("private bytes"): 357M, peak: 371M

vm_info: OpenJDK 64-Bit Server VM (17.0.7+0-b2043.56-10550314) for windows-amd64 JRE (17.0.7+0-b2043.56-10550314), built on Jul 24 2023 18:27:45 by "androidbuild" with MS VC++ 16.10 / 16.11 (VS2019)

END.
